Removed Pin From Net: NetName=VCC Pin=R2-2
Removed Pin From Net: NetName=GND Pin=R3-1
Removed Pin From Net: NetName=VCC Pin=U3-3
Removed Pin From Net: NetName=SWCLK Pin=U3-4
Removed Pin From Net: NetName=SWDIO Pin=U3-5
Removed Pin From Net: NetName=SPI_SCK Pin=U3-6
Removed Pin From Net: NetName=SPI_MOSI Pin=U3-7
Removed Pin From Net: NetName=SPI_RESET Pin=U3-8
Removed Pin From Net: NetName=SPI_DC Pin=U3-9
Removed Pin From Net: NetName=SPI_CS Pin=U3-10
Removed Pin From Net: NetName=GND Pin=U3-11
Change Component Designator: OldDesignator=BOOT NewDesignator=SW1
Change Component Designator: OldDesignator=RESET NewDesignator=RESET1
Added Pin To Net: NetName=SWCLK Pin=U3-3
Added Pin To Net: NetName=SWDIO Pin=U3-4
Added Pin To Net: NetName=SPI_SCK Pin=U3-5
Added Pin To Net: NetName=SPI_MOSI Pin=U3-6
Added Pin To Net: NetName=SPI_RESET Pin=U3-7
Added Pin To Net: NetName=SPI_DC Pin=U3-8
Added Pin To Net: NetName=SPI_CS Pin=U3-9
Added Pin To Net: NetName=MOTOR_+ Pin=R2-2
Added Pin To Net: NetName=MOTOR_+ Pin=U3-10
Added Net: Name=MOTOR_+
Added Pin To Net: NetName=MOTOR_- Pin=R3-1
Added Pin To Net: NetName=MOTOR_- Pin=U3-11
Added Net: Name=MOTOR_-
