


ARM Macro Assembler    Page 1 


    1 00000000         ;*******************************************************
                       ***********************
    2 00000000         ;* File Name          : startup_stm32l011xx.s
    3 00000000         ;* Author             : MCD Application Team
    4 00000000         ;* Description        : STM32l011xx Devices vector table
                        for MDK-ARM toolchain.
    5 00000000         ;*                      This module performs:
    6 00000000         ;*                      - Set the initial SP
    7 00000000         ;*                      - Set the initial PC == Reset_Ha
                       ndler
    8 00000000         ;*                      - Set the vector table entries w
                       ith the exceptions ISR address
    9 00000000         ;*                      - Branches to __main in the C li
                       brary (which eventually
   10 00000000         ;*                        calls main()).
   11 00000000         ;*                      After Reset the Cortex-M0+ proce
                       ssor is in Thread mode,
   12 00000000         ;*                      priority is Privileged, and the 
                       Stack is set to Main.
   13 00000000         ;*******************************************************
                       ***********************
   14 00000000         ;* @attention
   15 00000000         ;*
   16 00000000         ;* Copyright (c) 2016 STMicroelectronics.
   17 00000000         ;* All rights reserved.
   18 00000000         ;*
   19 00000000         ;* This software is licensed under terms that can be fou
                       nd in the LICENSE file
   20 00000000         ;* in the root directory of this software component.
   21 00000000         ;* If no LICENSE file comes with this software, it is pr
                       ovided AS-IS.
   22 00000000         ;*
   23 00000000         ;*******************************************************
                       ***********************
   24 00000000         
   25 00000000         ; Amount of memory (in bytes) allocated for Stack
   26 00000000         ; Tailor this value to your application needs
   27 00000000         ; <h> Stack Configuration
   28 00000000         ;   <o> Stack Size (in Bytes) <0x0-0xFFFFFFFF:8>
   29 00000000         ; </h>
   30 00000000         
   31 00000000 00000400 
                       Stack_Size
                               EQU              0x400
   32 00000000         
   33 00000000                 AREA             STACK, NOINIT, READWRITE, ALIGN
=3
   34 00000000         Stack_Mem
                               SPACE            Stack_Size
   35 00000400         __initial_sp
   36 00000400         
   37 00000400         
   38 00000400         ; <h> Heap Configuration
   39 00000400         ;   <o>  Heap Size (in Bytes) <0x0-0xFFFFFFFF:8>
   40 00000400         ; </h>
   41 00000400         
   42 00000400 00000200 
                       Heap_Size
                               EQU              0x200



ARM Macro Assembler    Page 2 


   43 00000400         
   44 00000400                 AREA             HEAP, NOINIT, READWRITE, ALIGN=
3
   45 00000000         __heap_base
   46 00000000         Heap_Mem
                               SPACE            Heap_Size
   47 00000200         __heap_limit
   48 00000200         
   49 00000200                 PRESERVE8
   50 00000200                 THUMB
   51 00000200         
   52 00000200         
   53 00000200         ; Vector Table Mapped to Address 0 at Reset
   54 00000200                 AREA             RESET, DATA, READONLY
   55 00000000                 EXPORT           __Vectors
   56 00000000                 EXPORT           __Vectors_End
   57 00000000                 EXPORT           __Vectors_Size
   58 00000000         
   59 00000000 00000000 
                       __Vectors
                               DCD              __initial_sp ; Top of Stack
   60 00000004 00000000        DCD              Reset_Handler ; Reset Handler
   61 00000008 00000000        DCD              NMI_Handler ; NMI Handler
   62 0000000C 00000000        DCD              HardFault_Handler ; Hard Fault 
                                                            Handler
   63 00000010 00000000        DCD              0           ; Reserved
   64 00000014 00000000        DCD              0           ; Reserved
   65 00000018 00000000        DCD              0           ; Reserved
   66 0000001C 00000000        DCD              0           ; Reserved
   67 00000020 00000000        DCD              0           ; Reserved
   68 00000024 00000000        DCD              0           ; Reserved
   69 00000028 00000000        DCD              0           ; Reserved
   70 0000002C 00000000        DCD              SVC_Handler ; SVCall Handler
   71 00000030 00000000        DCD              0           ; Reserved
   72 00000034 00000000        DCD              0           ; Reserved
   73 00000038 00000000        DCD              PendSV_Handler ; PendSV Handler
                                                            
   74 0000003C 00000000        DCD              SysTick_Handler 
                                                            ; SysTick Handler
   75 00000040         
   76 00000040         ; External Interrupts
   77 00000040 00000000        DCD              WWDG_IRQHandler 
                                                            ; Window Watchdog
   78 00000044 00000000        DCD              PVD_IRQHandler ; PVD through EX
                                                            TI Line detect
   79 00000048 00000000        DCD              RTC_IRQHandler ; RTC through EX
                                                            TI Line
   80 0000004C 00000000        DCD              FLASH_IRQHandler ; FLASH
   81 00000050 00000000        DCD              RCC_IRQHandler ; RCC
   82 00000054 00000000        DCD              EXTI0_1_IRQHandler 
                                                            ; EXTI Line 0 and 1
                                                            
   83 00000058 00000000        DCD              EXTI2_3_IRQHandler 
                                                            ; EXTI Line 2 and 3
                                                            
   84 0000005C 00000000        DCD              EXTI4_15_IRQHandler 
                                                            ; EXTI Line 4 to 15
                                                            
   85 00000060 00000000        DCD              0           ; Reserved



ARM Macro Assembler    Page 3 


   86 00000064 00000000        DCD              DMA1_Channel1_IRQHandler 
                                                            ; DMA1 Channel 1
   87 00000068 00000000        DCD              DMA1_Channel2_3_IRQHandler ; DM
                                                            A1 Channel 2 and Ch
                                                            annel 3
   88 0000006C 00000000        DCD              DMA1_Channel4_5_IRQHandler ; DM
                                                            A1 Channel 4 and Ch
                                                            annel 5
   89 00000070 00000000        DCD              ADC1_COMP_IRQHandler 
                                                            ; ADC1, COMP1
   90 00000074 00000000        DCD              LPTIM1_IRQHandler ; LPTIM1
   91 00000078 00000000        DCD              0           ; Reserved
   92 0000007C 00000000        DCD              TIM2_IRQHandler ; TIM2
   93 00000080 00000000        DCD              0           ; Reserved
   94 00000084 00000000        DCD              0           ; Reserved
   95 00000088 00000000        DCD              0           ; Reserved
   96 0000008C 00000000        DCD              0           ; Reserved
   97 00000090 00000000        DCD              TIM21_IRQHandler ; TIM21
   98 00000094 00000000        DCD              0           ; Reserved
   99 00000098 00000000        DCD              0           ; Reserved
  100 0000009C 00000000        DCD              I2C1_IRQHandler ; I2C1
  101 000000A0 00000000        DCD              0           ; Reserved
  102 000000A4 00000000        DCD              SPI1_IRQHandler ; SPI1
  103 000000A8 00000000        DCD              0           ; Reserved
  104 000000AC 00000000        DCD              0           ; Reserved
  105 000000B0 00000000        DCD              USART2_IRQHandler ; USART2
  106 000000B4 00000000        DCD              LPUART1_IRQHandler ; LPUART1
  107 000000B8 00000000        DCD              0           ; Reserved
  108 000000BC 00000000        DCD              0           ; Reserved
  109 000000C0         
  110 000000C0         __Vectors_End
  111 000000C0         
  112 000000C0 000000C0 
                       __Vectors_Size
                               EQU              __Vectors_End - __Vectors
  113 000000C0         
  114 000000C0                 AREA             |.text|, CODE, READONLY
  115 00000000         
  116 00000000         ; Reset handler routine
  117 00000000         Reset_Handler
                               PROC
  118 00000000                 EXPORT           Reset_Handler                 [
WEAK]
  119 00000000                 IMPORT           __main
  120 00000000                 IMPORT           SystemInit
  121 00000000         
  122 00000000 480F            LDR              R0, =__initial_sp 
                                                            ; set stack pointer
                                                            
  123 00000002 F380 8808       MSR              MSP, R0
  124 00000006         
  125 00000006         ;;Check if boot space corresponds to system memory
  126 00000006         
  127 00000006 480F            LDR              R0,=0x00000004
  128 00000008 6801            LDR              R1, [R0]
  129 0000000A 0E09            LSRS             R1, R1, #24
  130 0000000C 4A0E            LDR              R2,=0x1F
  131 0000000E 4291            CMP              R1, R2
  132 00000010         



ARM Macro Assembler    Page 4 


  133 00000010 D105            BNE              ApplicationStart
  134 00000012         
  135 00000012         ;; SYSCFG clock enable
  136 00000012         
  137 00000012 480E            LDR              R0,=0x40021034
  138 00000014 490E            LDR              R1,=0x00000001
  139 00000016 6001            STR              R1, [R0]
  140 00000018         
  141 00000018         ;; Set CFGR1 register with flash memory remap at address
                        0
  142 00000018         
  143 00000018 480E            LDR              R0,=0x40010000
  144 0000001A 490F            LDR              R1,=0x00000000
  145 0000001C 6001            STR              R1, [R0]
  146 0000001E         
  147 0000001E         ApplicationStart
  148 0000001E 480F            LDR              R0, =SystemInit
  149 00000020 4780            BLX              R0
  150 00000022 480F            LDR              R0, =__main
  151 00000024 4700            BX               R0
  152 00000026                 ENDP
  153 00000026         
  154 00000026         ; Dummy Exception Handlers (infinite loops which can be 
                       modified)
  155 00000026         
  156 00000026         NMI_Handler
                               PROC
  157 00000026                 EXPORT           NMI_Handler                    
[WEAK]
  158 00000026 E7FE            B                .
  159 00000028                 ENDP
  161 00000028         HardFault_Handler
                               PROC
  162 00000028                 EXPORT           HardFault_Handler              
[WEAK]
  163 00000028 E7FE            B                .
  164 0000002A                 ENDP
  165 0000002A         SVC_Handler
                               PROC
  166 0000002A                 EXPORT           SVC_Handler                    
[WEAK]
  167 0000002A E7FE            B                .
  168 0000002C                 ENDP
  169 0000002C         PendSV_Handler
                               PROC
  170 0000002C                 EXPORT           PendSV_Handler                 
[WEAK]
  171 0000002C E7FE            B                .
  172 0000002E                 ENDP
  173 0000002E         SysTick_Handler
                               PROC
  174 0000002E                 EXPORT           SysTick_Handler                
[WEAK]
  175 0000002E E7FE            B                .
  176 00000030                 ENDP
  177 00000030         
  178 00000030         Default_Handler
                               PROC
  179 00000030         



ARM Macro Assembler    Page 5 


  180 00000030                 EXPORT           WWDG_IRQHandler                
[WEAK]
  181 00000030                 EXPORT           PVD_IRQHandler                 
[WEAK]
  182 00000030                 EXPORT           RTC_IRQHandler                 
[WEAK]
  183 00000030                 EXPORT           FLASH_IRQHandler               
[WEAK]
  184 00000030                 EXPORT           RCC_IRQHandler                 
[WEAK]
  185 00000030                 EXPORT           EXTI0_1_IRQHandler             
[WEAK]
  186 00000030                 EXPORT           EXTI2_3_IRQHandler             
[WEAK]
  187 00000030                 EXPORT           EXTI4_15_IRQHandler            
[WEAK]
  188 00000030                 EXPORT           DMA1_Channel1_IRQHandler       
[WEAK]
  189 00000030                 EXPORT           DMA1_Channel2_3_IRQHandler     
[WEAK]
  190 00000030                 EXPORT           DMA1_Channel4_5_IRQHandler     
[WEAK]
  191 00000030                 EXPORT           ADC1_COMP_IRQHandler           
[WEAK]
  192 00000030                 EXPORT           LPTIM1_IRQHandler              
[WEAK]
  193 00000030                 EXPORT           TIM2_IRQHandler                
[WEAK]
  194 00000030                 EXPORT           TIM21_IRQHandler               
[WEAK]
  195 00000030                 EXPORT           I2C1_IRQHandler                
[WEAK]
  196 00000030                 EXPORT           SPI1_IRQHandler                
[WEAK]
  197 00000030                 EXPORT           USART2_IRQHandler              
[WEAK]
  198 00000030                 EXPORT           LPUART1_IRQHandler             
[WEAK]
  199 00000030         
  200 00000030         WWDG_IRQHandler
  201 00000030         PVD_IRQHandler
  202 00000030         RTC_IRQHandler
  203 00000030         FLASH_IRQHandler
  204 00000030         RCC_IRQHandler
  205 00000030         EXTI0_1_IRQHandler
  206 00000030         EXTI2_3_IRQHandler
  207 00000030         EXTI4_15_IRQHandler
  208 00000030         DMA1_Channel1_IRQHandler
  209 00000030         DMA1_Channel2_3_IRQHandler
  210 00000030         DMA1_Channel4_5_IRQHandler
  211 00000030         ADC1_COMP_IRQHandler
  212 00000030         LPTIM1_IRQHandler
  213 00000030         TIM2_IRQHandler
  214 00000030         TIM21_IRQHandler
  215 00000030         I2C1_IRQHandler
  216 00000030         SPI1_IRQHandler
  217 00000030         USART2_IRQHandler
  218 00000030         LPUART1_IRQHandler
  219 00000030         



ARM Macro Assembler    Page 6 


  220 00000030 E7FE            B                .
  221 00000032         
  222 00000032                 ENDP
  223 00000032         
  224 00000032 00 00           ALIGN
  225 00000034         
  226 00000034         ;*******************************************************
                       ************************
  227 00000034         ; User Stack and Heap initialization
  228 00000034         ;*******************************************************
                       ************************
  229 00000034                 IF               :DEF:__MICROLIB
  236 00000034         
  237 00000034                 IMPORT           __use_two_region_memory
  238 00000034                 EXPORT           __user_initial_stackheap
  239 00000034         
  240 00000034         __user_initial_stackheap
  241 00000034         
  242 00000034 480B            LDR              R0, =  Heap_Mem
  243 00000036 490C            LDR              R1, =(Stack_Mem + Stack_Size)
  244 00000038 4A0C            LDR              R2, = (Heap_Mem +  Heap_Size)
  245 0000003A 4B0D            LDR              R3, = Stack_Mem
  246 0000003C 4770            BX               LR
  247 0000003E         
  248 0000003E 00 00           ALIGN
  249 00000040         
  250 00000040                 ENDIF
  251 00000040         
  252 00000040                 END
              00000000 
              00000004 
              0000001F 
              40021034 
              00000001 
              40010000 
              00000000 
              00000000 
              00000000 
              00000000 
              00000400 
              00000200 
              00000000 
Command Line: --debug --xref --diag_suppress=9931 --cpu=Cortex-M0+ --apcs=inter
work --depend=hand_santinizer\startup_stm32l011xx.d -ohand_santinizer\startup_s
tm32l011xx.o -I.\RTE\_Hand_Santinizer -ID:\STM32\Arm\ARM\CMSIS\5.9.0\CMSIS\Core
\Include -ID:\STM32\Arm\Keil\STM32L0xx_DFP\2.2.0\Drivers\CMSIS\Device\ST\STM32L
0xx\Include --predefine="__UVISION_VERSION SETA 538" --predefine="_RTE_ SETA 1"
 --predefine="STM32L011xx SETA 1" --predefine="_RTE_ SETA 1" --list=startup_stm
32l011xx.lst startup_stm32l011xx.s



ARM Macro Assembler    Page 1 Alphabetic symbol ordering
Relocatable symbols

STACK 00000000

Symbol: STACK
   Definitions
      At line 33 in file startup_stm32l011xx.s
   Uses
      None
Comment: STACK unused
Stack_Mem 00000000

Symbol: Stack_Mem
   Definitions
      At line 34 in file startup_stm32l011xx.s
   Uses
      At line 243 in file startup_stm32l011xx.s
      At line 245 in file startup_stm32l011xx.s

__initial_sp 00000400

Symbol: __initial_sp
   Definitions
      At line 35 in file startup_stm32l011xx.s
   Uses
      At line 59 in file startup_stm32l011xx.s
      At line 122 in file startup_stm32l011xx.s

3 symbols



ARM Macro Assembler    Page 1 Alphabetic symbol ordering
Relocatable symbols

HEAP 00000000

Symbol: HEAP
   Definitions
      At line 44 in file startup_stm32l011xx.s
   Uses
      None
Comment: HEAP unused
Heap_Mem 00000000

Symbol: Heap_Mem
   Definitions
      At line 46 in file startup_stm32l011xx.s
   Uses
      At line 242 in file startup_stm32l011xx.s
      At line 244 in file startup_stm32l011xx.s

__heap_base 00000000

Symbol: __heap_base
   Definitions
      At line 45 in file startup_stm32l011xx.s
   Uses
      None
Comment: __heap_base unused
__heap_limit 00000200

Symbol: __heap_limit
   Definitions
      At line 47 in file startup_stm32l011xx.s
   Uses
      None
Comment: __heap_limit unused
4 symbols



ARM Macro Assembler    Page 1 Alphabetic symbol ordering
Relocatable symbols

RESET 00000000

Symbol: RESET
   Definitions
      At line 54 in file startup_stm32l011xx.s
   Uses
      None
Comment: RESET unused
__Vectors 00000000

Symbol: __Vectors
   Definitions
      At line 59 in file startup_stm32l011xx.s
   Uses
      At line 55 in file startup_stm32l011xx.s
      At line 112 in file startup_stm32l011xx.s

__Vectors_End 000000C0

Symbol: __Vectors_End
   Definitions
      At line 110 in file startup_stm32l011xx.s
   Uses
      At line 56 in file startup_stm32l011xx.s
      At line 112 in file startup_stm32l011xx.s

3 symbols



ARM Macro Assembler    Page 1 Alphabetic symbol ordering
Relocatable symbols

.text 00000000

Symbol: .text
   Definitions
      At line 114 in file startup_stm32l011xx.s
   Uses
      None
Comment: .text unused
ADC1_COMP_IRQHandler 00000030

Symbol: ADC1_COMP_IRQHandler
   Definitions
      At line 211 in file startup_stm32l011xx.s
   Uses
      At line 89 in file startup_stm32l011xx.s
      At line 191 in file startup_stm32l011xx.s

ApplicationStart 0000001E

Symbol: ApplicationStart
   Definitions
      At line 147 in file startup_stm32l011xx.s
   Uses
      At line 133 in file startup_stm32l011xx.s
Comment: ApplicationStart used once
DMA1_Channel1_IRQHandler 00000030

Symbol: DMA1_Channel1_IRQHandler
   Definitions
      At line 208 in file startup_stm32l011xx.s
   Uses
      At line 86 in file startup_stm32l011xx.s
      At line 188 in file startup_stm32l011xx.s

DMA1_Channel2_3_IRQHandler 00000030

Symbol: DMA1_Channel2_3_IRQHandler
   Definitions
      At line 209 in file startup_stm32l011xx.s
   Uses
      At line 87 in file startup_stm32l011xx.s
      At line 189 in file startup_stm32l011xx.s

DMA1_Channel4_5_IRQHandler 00000030

Symbol: DMA1_Channel4_5_IRQHandler
   Definitions
      At line 210 in file startup_stm32l011xx.s
   Uses
      At line 88 in file startup_stm32l011xx.s
      At line 190 in file startup_stm32l011xx.s

Default_Handler 00000030

Symbol: Default_Handler
   Definitions
      At line 178 in file startup_stm32l011xx.s
   Uses
      None



ARM Macro Assembler    Page 2 Alphabetic symbol ordering
Relocatable symbols

Comment: Default_Handler unused
EXTI0_1_IRQHandler 00000030

Symbol: EXTI0_1_IRQHandler
   Definitions
      At line 205 in file startup_stm32l011xx.s
   Uses
      At line 82 in file startup_stm32l011xx.s
      At line 185 in file startup_stm32l011xx.s

EXTI2_3_IRQHandler 00000030

Symbol: EXTI2_3_IRQHandler
   Definitions
      At line 206 in file startup_stm32l011xx.s
   Uses
      At line 83 in file startup_stm32l011xx.s
      At line 186 in file startup_stm32l011xx.s

EXTI4_15_IRQHandler 00000030

Symbol: EXTI4_15_IRQHandler
   Definitions
      At line 207 in file startup_stm32l011xx.s
   Uses
      At line 84 in file startup_stm32l011xx.s
      At line 187 in file startup_stm32l011xx.s

FLASH_IRQHandler 00000030

Symbol: FLASH_IRQHandler
   Definitions
      At line 203 in file startup_stm32l011xx.s
   Uses
      At line 80 in file startup_stm32l011xx.s
      At line 183 in file startup_stm32l011xx.s

HardFault_Handler 00000028

Symbol: HardFault_Handler
   Definitions
      At line 161 in file startup_stm32l011xx.s
   Uses
      At line 62 in file startup_stm32l011xx.s
      At line 162 in file startup_stm32l011xx.s

I2C1_IRQHandler 00000030

Symbol: I2C1_IRQHandler
   Definitions
      At line 215 in file startup_stm32l011xx.s
   Uses
      At line 100 in file startup_stm32l011xx.s
      At line 195 in file startup_stm32l011xx.s

LPTIM1_IRQHandler 00000030

Symbol: LPTIM1_IRQHandler
   Definitions



ARM Macro Assembler    Page 3 Alphabetic symbol ordering
Relocatable symbols

      At line 212 in file startup_stm32l011xx.s
   Uses
      At line 90 in file startup_stm32l011xx.s
      At line 192 in file startup_stm32l011xx.s

LPUART1_IRQHandler 00000030

Symbol: LPUART1_IRQHandler
   Definitions
      At line 218 in file startup_stm32l011xx.s
   Uses
      At line 106 in file startup_stm32l011xx.s
      At line 198 in file startup_stm32l011xx.s

NMI_Handler 00000026

Symbol: NMI_Handler
   Definitions
      At line 156 in file startup_stm32l011xx.s
   Uses
      At line 61 in file startup_stm32l011xx.s
      At line 157 in file startup_stm32l011xx.s

PVD_IRQHandler 00000030

Symbol: PVD_IRQHandler
   Definitions
      At line 201 in file startup_stm32l011xx.s
   Uses
      At line 78 in file startup_stm32l011xx.s
      At line 181 in file startup_stm32l011xx.s

PendSV_Handler 0000002C

Symbol: PendSV_Handler
   Definitions
      At line 169 in file startup_stm32l011xx.s
   Uses
      At line 73 in file startup_stm32l011xx.s
      At line 170 in file startup_stm32l011xx.s

RCC_IRQHandler 00000030

Symbol: RCC_IRQHandler
   Definitions
      At line 204 in file startup_stm32l011xx.s
   Uses
      At line 81 in file startup_stm32l011xx.s
      At line 184 in file startup_stm32l011xx.s

RTC_IRQHandler 00000030

Symbol: RTC_IRQHandler
   Definitions
      At line 202 in file startup_stm32l011xx.s
   Uses
      At line 79 in file startup_stm32l011xx.s
      At line 182 in file startup_stm32l011xx.s




ARM Macro Assembler    Page 4 Alphabetic symbol ordering
Relocatable symbols

Reset_Handler 00000000

Symbol: Reset_Handler
   Definitions
      At line 117 in file startup_stm32l011xx.s
   Uses
      At line 60 in file startup_stm32l011xx.s
      At line 118 in file startup_stm32l011xx.s

SPI1_IRQHandler 00000030

Symbol: SPI1_IRQHandler
   Definitions
      At line 216 in file startup_stm32l011xx.s
   Uses
      At line 102 in file startup_stm32l011xx.s
      At line 196 in file startup_stm32l011xx.s

SVC_Handler 0000002A

Symbol: SVC_Handler
   Definitions
      At line 165 in file startup_stm32l011xx.s
   Uses
      At line 70 in file startup_stm32l011xx.s
      At line 166 in file startup_stm32l011xx.s

SysTick_Handler 0000002E

Symbol: SysTick_Handler
   Definitions
      At line 173 in file startup_stm32l011xx.s
   Uses
      At line 74 in file startup_stm32l011xx.s
      At line 174 in file startup_stm32l011xx.s

TIM21_IRQHandler 00000030

Symbol: TIM21_IRQHandler
   Definitions
      At line 214 in file startup_stm32l011xx.s
   Uses
      At line 97 in file startup_stm32l011xx.s
      At line 194 in file startup_stm32l011xx.s

TIM2_IRQHandler 00000030

Symbol: TIM2_IRQHandler
   Definitions
      At line 213 in file startup_stm32l011xx.s
   Uses
      At line 92 in file startup_stm32l011xx.s
      At line 193 in file startup_stm32l011xx.s

USART2_IRQHandler 00000030

Symbol: USART2_IRQHandler
   Definitions
      At line 217 in file startup_stm32l011xx.s



ARM Macro Assembler    Page 5 Alphabetic symbol ordering
Relocatable symbols

   Uses
      At line 105 in file startup_stm32l011xx.s
      At line 197 in file startup_stm32l011xx.s

WWDG_IRQHandler 00000030

Symbol: WWDG_IRQHandler
   Definitions
      At line 200 in file startup_stm32l011xx.s
   Uses
      At line 77 in file startup_stm32l011xx.s
      At line 180 in file startup_stm32l011xx.s

__user_initial_stackheap 00000034

Symbol: __user_initial_stackheap
   Definitions
      At line 240 in file startup_stm32l011xx.s
   Uses
      At line 238 in file startup_stm32l011xx.s
Comment: __user_initial_stackheap used once
29 symbols



ARM Macro Assembler    Page 1 Alphabetic symbol ordering
Absolute symbols

Heap_Size 00000200

Symbol: Heap_Size
   Definitions
      At line 42 in file startup_stm32l011xx.s
   Uses
      At line 46 in file startup_stm32l011xx.s
      At line 244 in file startup_stm32l011xx.s

Stack_Size 00000400

Symbol: Stack_Size
   Definitions
      At line 31 in file startup_stm32l011xx.s
   Uses
      At line 34 in file startup_stm32l011xx.s
      At line 243 in file startup_stm32l011xx.s

__Vectors_Size 000000C0

Symbol: __Vectors_Size
   Definitions
      At line 112 in file startup_stm32l011xx.s
   Uses
      At line 57 in file startup_stm32l011xx.s
Comment: __Vectors_Size used once
3 symbols



ARM Macro Assembler    Page 1 Alphabetic symbol ordering
External symbols

SystemInit 00000000

Symbol: SystemInit
   Definitions
      At line 120 in file startup_stm32l011xx.s
   Uses
      At line 148 in file startup_stm32l011xx.s
Comment: SystemInit used once
__main 00000000

Symbol: __main
   Definitions
      At line 119 in file startup_stm32l011xx.s
   Uses
      At line 150 in file startup_stm32l011xx.s
Comment: __main used once
__use_two_region_memory 00000000

Symbol: __use_two_region_memory
   Definitions
      At line 237 in file startup_stm32l011xx.s
   Uses
      None
Comment: __use_two_region_memory unused
3 symbols
382 symbols in table
